2019-03-30 17:41:29,641-INFO-接口日志.py-lemon14-日志信息:********
2019-03-30 17:41:29,642-INFO-接口日志.py-lemon14-日志信息:正在执行登录模块第1条用例：用户名正确，密码正确
2019-03-30 17:41:29,643-INFO-接口日志.py-lemon14-日志信息:请求的数据是：{"status":1,"code":"10001","data":null,"msg":"登录成功"}
2019-03-30 17:41:29,750-INFO-接口日志.py-lemon14-日志信息:******开始写入数据******
2019-03-30 17:41:29,860-INFO-接口日志.py-lemon14-日志信息:********
2019-03-30 17:41:29,861-INFO-接口日志.py-lemon14-日志信息:正在执行充值模块第2条用例：手机号正确充值金额正确
2019-03-30 17:41:29,863-INFO-接口日志.py-lemon14-日志信息:请求的数据是：{"status":1,"code":"10001","data":{"id":1123264,"regname":"chengguo","pwd":"E10ADC3949BA59ABBE56E057F20F883E","mobilephone":"18510267039","leaveamount":"21069120.00","type":"1","regtime":"2019-03-09 18:22:05.0"},"msg":"充值成功"}
2019-03-30 17:41:30,031-INFO-接口日志.py-lemon14-日志信息:http请求测试用例出错了，错误是：
2019-03-30 17:41:30,033-INFO-接口日志.py-lemon14-日志信息:******开始写入数据******
2019-03-30 17:41:30,609-INFO-接口日志.py-lemon14-日志信息:******结束写入数据******
2019-03-30 17:41:30,614-INFO-接口日志.py-lemon14-日志信息:********
2019-03-30 17:41:30,614-INFO-接口日志.py-lemon14-日志信息:正在执行充值模块第3条用例：手机号不存在
2019-03-30 17:41:30,615-INFO-接口日志.py-lemon14-日志信息:请求的数据是：{"status":0,"code":"20111","data":null,"msg":"用户名或密码错误"}
2019-03-30 17:41:30,639-INFO-接口日志.py-lemon14-日志信息:******开始写入数据******
2019-03-30 17:41:31,167-INFO-接口日志.py-lemon14-日志信息:******结束写入数据******
2019-03-30 17:41:31,171-INFO-接口日志.py-lemon14-日志信息:********
2019-03-30 17:41:31,173-INFO-接口日志.py-lemon14-日志信息:正在执行充值模块第4条用例：充值金额大于50万
2019-03-30 17:41:31,174-INFO-接口日志.py-lemon14-日志信息:请求的数据是：{"status":0,"code":"20103","data":null,"msg":"手机号不能为空"}
2019-03-30 17:41:31,200-INFO-接口日志.py-lemon14-日志信息:******开始写入数据******
2019-03-30 17:41:31,732-INFO-接口日志.py-lemon14-日志信息:******结束写入数据******
2019-03-30 17:41:31,736-INFO-接口日志.py-lemon14-日志信息:********
2019-03-30 17:41:31,738-INFO-接口日志.py-lemon14-日志信息:正在执行充值模块第5条用例：充值金额为负数
2019-03-30 17:41:31,739-INFO-接口日志.py-lemon14-日志信息:请求的数据是：{"status":0,"code":"20103","data":null,"msg":"密码不能为空"}
2019-03-30 17:41:31,762-INFO-接口日志.py-lemon14-日志信息:******开始写入数据******
2019-03-30 17:41:32,259-INFO-接口日志.py-lemon14-日志信息:******结束写入数据******
2019-03-30 17:41:32,262-INFO-接口日志.py-lemon14-日志信息:********
2019-03-30 17:41:32,266-INFO-接口日志.py-lemon14-日志信息:正在执行充值模块第6条用例：密码为汉字
2019-03-30 17:41:32,267-INFO-接口日志.py-lemon14-日志信息:请求的数据是：{"status":0,"code":"20118","data":null,"msg":"请输入数字"}
2019-03-30 17:41:32,290-INFO-接口日志.py-lemon14-日志信息:******开始写入数据******
2019-03-30 17:41:32,859-INFO-接口日志.py-lemon14-日志信息:******结束写入数据******
2019-03-30 17:41:32,866-INFO-接口日志.py-lemon14-日志信息:********
2019-03-30 17:41:32,867-INFO-接口日志.py-lemon14-日志信息:正在执行登录模块第1条用例：用户名正确，密码正确
2019-03-30 17:41:32,871-INFO-接口日志.py-lemon14-日志信息:请求的数据是：{"status":1,"code":"10001","data":null,"msg":"登录成功"}
2019-03-30 17:41:32,907-INFO-接口日志.py-lemon14-日志信息:******开始写入数据******
2019-03-30 17:41:33,587-INFO-接口日志.py-lemon14-日志信息:******结束写入数据******
2019-03-30 17:41:33,795-INFO-接口日志.py-lemon14-日志信息:********
2019-03-30 17:41:33,796-INFO-接口日志.py-lemon14-日志信息:正在执行充值模块第2条用例：手机号正确充值金额正确
2019-03-30 17:41:33,797-INFO-接口日志.py-lemon14-日志信息:请求的数据是：{"status":1,"code":"10001","data":{"id":1123264,"regname":"chengguo","pwd":"E10ADC3949BA59ABBE56E057F20F883E","mobilephone":"18510267039","leaveamount":"21069120.00","type":"1","regtime":"2019-03-09 18:22:05.0"},"msg":"充值成功"}
2019-03-30 17:41:34,076-INFO-接口日志.py-lemon14-日志信息:http请求测试用例出错了，错误是：
2019-03-30 17:41:34,077-INFO-接口日志.py-lemon14-日志信息:******开始写入数据******
2019-03-30 17:41:34,779-INFO-接口日志.py-lemon14-日志信息:******结束写入数据******
2019-03-30 17:41:34,783-INFO-接口日志.py-lemon14-日志信息:********
2019-03-30 17:41:34,784-INFO-接口日志.py-lemon14-日志信息:正在执行充值模块第3条用例：手机号不存在
2019-03-30 17:41:34,785-INFO-接口日志.py-lemon14-日志信息:请求的数据是：{"status":0,"code":"20111","data":null,"msg":"用户名或密码错误"}
2019-03-30 17:41:34,811-INFO-接口日志.py-lemon14-日志信息:******开始写入数据******
2019-03-30 17:41:35,412-INFO-接口日志.py-lemon14-日志信息:******结束写入数据******
2019-03-30 17:41:35,416-INFO-接口日志.py-lemon14-日志信息:********
2019-03-30 17:41:35,417-INFO-接口日志.py-lemon14-日志信息:正在执行充值模块第4条用例：充值金额大于50万
2019-03-30 17:41:35,419-INFO-接口日志.py-lemon14-日志信息:请求的数据是：{"status":0,"code":"20103","data":null,"msg":"手机号不能为空"}
2019-03-30 17:41:35,451-INFO-接口日志.py-lemon14-日志信息:******开始写入数据******
2019-03-30 17:41:35,985-INFO-接口日志.py-lemon14-日志信息:******结束写入数据******
2019-03-30 17:41:35,988-INFO-接口日志.py-lemon14-日志信息:********
2019-03-30 17:41:35,990-INFO-接口日志.py-lemon14-日志信息:正在执行充值模块第5条用例：充值金额为负数
2019-03-30 17:41:35,991-INFO-接口日志.py-lemon14-日志信息:请求的数据是：{"status":0,"code":"20103","data":null,"msg":"密码不能为空"}
2019-03-30 17:41:36,091-INFO-接口日志.py-lemon14-日志信息:******开始写入数据******
2019-03-30 17:41:36,619-INFO-接口日志.py-lemon14-日志信息:******结束写入数据******
2019-03-30 17:41:36,623-INFO-接口日志.py-lemon14-日志信息:********
2019-03-30 17:41:36,623-INFO-接口日志.py-lemon14-日志信息:正在执行充值模块第6条用例：密码为汉字
2019-03-30 17:41:36,624-INFO-接口日志.py-lemon14-日志信息:请求的数据是：{"status":0,"code":"20118","data":null,"msg":"请输入数字"}
2019-03-30 17:41:36,663-INFO-接口日志.py-lemon14-日志信息:******开始写入数据******
2019-03-30 17:41:37,177-INFO-接口日志.py-lemon14-日志信息:******结束写入数据******
2019-03-31 13:46:44,746-INFO-接口日志.py-lemon14-日志信息:********
2019-03-31 13:46:44,748-INFO-接口日志.py-lemon14-日志信息:正在执行登录模块第1条用例：用户名正确，密码正确
2019-03-31 13:46:44,749-INFO-接口日志.py-lemon14-日志信息:请求的数据是：{"status":1,"code":"10001","data":null,"msg":"登录成功"}
2019-03-31 13:46:46,006-INFO-接口日志.py-lemon14-日志信息:********
2019-03-31 13:46:46,008-INFO-接口日志.py-lemon14-日志信息:正在执行充值模块第2条用例：手机号正确充值金额正确
2019-03-31 13:46:46,008-INFO-接口日志.py-lemon14-日志信息:请求的数据是：{"status":1,"code":"10001","data":{"id":1123264,"regname":"chengguo","pwd":"E10ADC3949BA59ABBE56E057F20F883E","mobilephone":"18510267039","leaveamount":"21069120.00","type":"1","regtime":"2019-03-09 18:22:05.0"},"msg":"充值成功"}
2019-03-31 13:46:47,043-INFO-接口日志.py-lemon14-日志信息:********
2019-03-31 13:46:47,044-INFO-接口日志.py-lemon14-日志信息:正在执行充值模块第3条用例：手机号不存在
2019-03-31 13:46:47,045-INFO-接口日志.py-lemon14-日志信息:请求的数据是：{"status":0,"code":"20111","data":null,"msg":"用户名或密码错误"}
2019-03-31 13:46:48,075-INFO-接口日志.py-lemon14-日志信息:********
2019-03-31 13:46:48,077-INFO-接口日志.py-lemon14-日志信息:正在执行充值模块第4条用例：充值金额大于50万
2019-03-31 13:46:48,078-INFO-接口日志.py-lemon14-日志信息:请求的数据是：{"status":0,"code":"20103","data":null,"msg":"手机号不能为空"}
2019-03-31 13:46:49,202-INFO-接口日志.py-lemon14-日志信息:********
2019-03-31 13:46:49,203-INFO-接口日志.py-lemon14-日志信息:正在执行充值模块第5条用例：充值金额为负数
2019-03-31 13:46:49,204-INFO-接口日志.py-lemon14-日志信息:请求的数据是：{"status":0,"code":"20103","data":null,"msg":"密码不能为空"}
2019-03-31 13:46:50,411-INFO-接口日志.py-lemon14-日志信息:********
2019-03-31 13:46:50,412-INFO-接口日志.py-lemon14-日志信息:正在执行充值模块第6条用例：密码为汉字
2019-03-31 13:46:50,412-INFO-接口日志.py-lemon14-日志信息:请求的数据是：{"status":0,"code":"20118","data":null,"msg":"请输入数字"}
2019-03-31 13:55:20,818-INFO-接口日志.py-lemon14-日志信息:********
2019-03-31 13:55:20,819-INFO-接口日志.py-lemon14-日志信息:正在执行登录模块第1条用例：用户名正确，密码正确
2019-03-31 13:55:20,820-INFO-接口日志.py-lemon14-日志信息:请求的数据是：{"status":1,"code":"10001","data":null,"msg":"登录成功"}
2019-03-31 13:55:21,927-INFO-接口日志.py-lemon14-日志信息:********
2019-03-31 13:55:21,954-INFO-接口日志.py-lemon14-日志信息:正在执行充值模块第2条用例：手机号正确充值金额正确
2019-03-31 13:55:21,955-INFO-接口日志.py-lemon14-日志信息:请求的数据是：{"status":1,"code":"10001","data":{"id":1123264,"regname":"chengguo","pwd":"E10ADC3949BA59ABBE56E057F20F883E","mobilephone":"18510267039","leaveamount":"21069120.00","type":"1","regtime":"2019-03-09 18:22:05.0"},"msg":"充值成功"}
2019-03-31 13:55:22,987-INFO-接口日志.py-lemon14-日志信息:********
2019-03-31 13:55:22,988-INFO-接口日志.py-lemon14-日志信息:正在执行充值模块第3条用例：手机号不存在
2019-03-31 13:55:22,990-INFO-接口日志.py-lemon14-日志信息:请求的数据是：{"status":0,"code":"20111","data":null,"msg":"用户名或密码错误"}
2019-03-31 13:55:24,035-INFO-接口日志.py-lemon14-日志信息:********
2019-03-31 13:55:24,037-INFO-接口日志.py-lemon14-日志信息:正在执行充值模块第4条用例：充值金额大于50万
2019-03-31 13:55:24,039-INFO-接口日志.py-lemon14-日志信息:请求的数据是：{"status":0,"code":"20103","data":null,"msg":"手机号不能为空"}
2019-03-31 13:55:25,073-INFO-接口日志.py-lemon14-日志信息:********
2019-03-31 13:55:25,074-INFO-接口日志.py-lemon14-日志信息:正在执行充值模块第5条用例：充值金额为负数
2019-03-31 13:55:25,074-INFO-接口日志.py-lemon14-日志信息:请求的数据是：{"status":0,"code":"20103","data":null,"msg":"密码不能为空"}
2019-03-31 13:55:26,111-INFO-接口日志.py-lemon14-日志信息:********
2019-03-31 13:55:26,112-INFO-接口日志.py-lemon14-日志信息:正在执行充值模块第6条用例：密码为汉字
2019-03-31 13:55:26,114-INFO-接口日志.py-lemon14-日志信息:请求的数据是：{"status":0,"code":"20118","data":null,"msg":"请输入数字"}
2019-03-31 13:55:27,146-INFO-接口日志.py-lemon14-日志信息:********
2019-03-31 13:55:27,147-INFO-接口日志.py-lemon14-日志信息:正在执行登录模块第1条用例：用户名正确，密码正确
2019-03-31 13:55:27,148-INFO-接口日志.py-lemon14-日志信息:请求的数据是：{"status":1,"code":"10001","data":null,"msg":"登录成功"}
2019-03-31 13:55:28,282-INFO-接口日志.py-lemon14-日志信息:********
2019-03-31 13:55:28,283-INFO-接口日志.py-lemon14-日志信息:正在执行充值模块第2条用例：手机号正确充值金额正确
2019-03-31 13:55:28,284-INFO-接口日志.py-lemon14-日志信息:请求的数据是：{"status":1,"code":"10001","data":{"id":1123264,"regname":"chengguo","pwd":"E10ADC3949BA59ABBE56E057F20F883E","mobilephone":"18510267039","leaveamount":"21069120.00","type":"1","regtime":"2019-03-09 18:22:05.0"},"msg":"充值成功"}
2019-03-31 13:55:29,328-INFO-接口日志.py-lemon14-日志信息:********
2019-03-31 13:55:29,330-INFO-接口日志.py-lemon14-日志信息:正在执行充值模块第3条用例：手机号不存在
2019-03-31 13:55:29,331-INFO-接口日志.py-lemon14-日志信息:请求的数据是：{"status":0,"code":"20111","data":null,"msg":"用户名或密码错误"}
2019-03-31 13:55:30,366-INFO-接口日志.py-lemon14-日志信息:********
2019-03-31 13:55:30,368-INFO-接口日志.py-lemon14-日志信息:正在执行充值模块第4条用例：充值金额大于50万
2019-03-31 13:55:30,369-INFO-接口日志.py-lemon14-日志信息:请求的数据是：{"status":0,"code":"20103","data":null,"msg":"手机号不能为空"}
2019-03-31 13:55:31,407-INFO-接口日志.py-lemon14-日志信息:********
2019-03-31 13:55:31,408-INFO-接口日志.py-lemon14-日志信息:正在执行充值模块第5条用例：充值金额为负数
2019-03-31 13:55:31,409-INFO-接口日志.py-lemon14-日志信息:请求的数据是：{"status":0,"code":"20103","data":null,"msg":"密码不能为空"}
2019-03-31 13:55:32,446-INFO-接口日志.py-lemon14-日志信息:********
2019-03-31 13:55:32,447-INFO-接口日志.py-lemon14-日志信息:正在执行充值模块第6条用例：密码为汉字
2019-03-31 13:55:32,448-INFO-接口日志.py-lemon14-日志信息:请求的数据是：{"status":0,"code":"20118","data":null,"msg":"请输入数字"}
2019-04-01 18:37:56,184-INFO-接口日志.py-lemon14-日志信息:********
2019-04-01 18:37:56,224-INFO-接口日志.py-lemon14-日志信息:正在执行登录模块第1条用例：用户名正确，密码正确
2019-04-01 18:37:56,224-INFO-接口日志.py-lemon14-日志信息:请求的数据是：{"status":1,"code":"10001","data":null,"msg":"登录成功"}
2019-04-01 18:37:56,255-INFO-接口日志.py-lemon14-日志信息:******开始写入数据******
2019-04-01 18:37:56,315-INFO-接口日志.py-lemon14-日志信息:********
2019-04-01 18:37:56,315-INFO-接口日志.py-lemon14-日志信息:正在执行充值模块第3条用例：手机号不存在
2019-04-01 18:37:56,315-INFO-接口日志.py-lemon14-日志信息:请求的数据是：{"status":0,"code":"20111","data":null,"msg":"用户名或密码错误"}
2019-04-01 18:37:56,345-INFO-接口日志.py-lemon14-日志信息:******开始写入数据******
2019-04-01 18:37:56,355-INFO-接口日志.py-lemon14-日志信息:********
2019-04-01 18:37:56,355-INFO-接口日志.py-lemon14-日志信息:正在执行充值模块第4条用例：充值金额大于50万
2019-04-01 18:37:56,355-INFO-接口日志.py-lemon14-日志信息:请求的数据是：{"status":0,"code":"20103","data":null,"msg":"手机号不能为空"}
2019-04-01 18:37:56,375-INFO-接口日志.py-lemon14-日志信息:******开始写入数据******
2019-04-01 18:37:56,375-INFO-接口日志.py-lemon14-日志信息:********
2019-04-01 18:37:56,375-INFO-接口日志.py-lemon14-日志信息:正在执行充值模块第5条用例：充值金额为负数
2019-04-01 18:37:56,375-INFO-接口日志.py-lemon14-日志信息:请求的数据是：{"status":0,"code":"20103","data":null,"msg":"密码不能为空"}
2019-04-01 18:37:56,415-INFO-接口日志.py-lemon14-日志信息:******开始写入数据******
2019-04-01 18:37:56,425-INFO-接口日志.py-lemon14-日志信息:********
2019-04-01 18:37:56,425-INFO-接口日志.py-lemon14-日志信息:正在执行充值模块第6条用例：密码为汉字
2019-04-01 18:37:56,425-INFO-接口日志.py-lemon14-日志信息:请求的数据是：{"status":0,"code":"20118","data":null,"msg":"请输入数字"}
2019-04-01 18:37:56,465-INFO-接口日志.py-lemon14-日志信息:******开始写入数据******
2019-04-01 18:37:56,465-INFO-接口日志.py-lemon14-日志信息:********
2019-04-01 18:37:56,465-INFO-接口日志.py-lemon14-日志信息:正在执行登录模块第1条用例：用户名正确，密码正确
2019-04-01 18:37:56,475-INFO-接口日志.py-lemon14-日志信息:请求的数据是：{"status":1,"code":"10001","data":null,"msg":"登录成功"}
2019-04-01 18:37:56,495-INFO-接口日志.py-lemon14-日志信息:******开始写入数据******
2019-04-01 18:37:56,585-INFO-接口日志.py-lemon14-日志信息:********
2019-04-01 18:37:56,585-INFO-接口日志.py-lemon14-日志信息:正在执行充值模块第3条用例：手机号不存在
2019-04-01 18:37:56,585-INFO-接口日志.py-lemon14-日志信息:请求的数据是：{"status":0,"code":"20111","data":null,"msg":"用户名或密码错误"}
2019-04-01 18:37:56,605-INFO-接口日志.py-lemon14-日志信息:******开始写入数据******
2019-04-01 18:37:56,615-INFO-接口日志.py-lemon14-日志信息:********
2019-04-01 18:37:56,615-INFO-接口日志.py-lemon14-日志信息:正在执行充值模块第4条用例：充值金额大于50万
2019-04-01 18:37:56,615-INFO-接口日志.py-lemon14-日志信息:请求的数据是：{"status":0,"code":"20103","data":null,"msg":"手机号不能为空"}
2019-04-01 18:37:56,655-INFO-接口日志.py-lemon14-日志信息:******开始写入数据******
2019-04-01 18:37:56,695-INFO-接口日志.py-lemon14-日志信息:********
2019-04-01 18:37:56,695-INFO-接口日志.py-lemon14-日志信息:正在执行充值模块第5条用例：充值金额为负数
2019-04-01 18:37:56,695-INFO-接口日志.py-lemon14-日志信息:请求的数据是：{"status":0,"code":"20103","data":null,"msg":"密码不能为空"}
2019-04-01 18:37:56,735-INFO-接口日志.py-lemon14-日志信息:******开始写入数据******
2019-04-01 18:37:56,735-INFO-接口日志.py-lemon14-日志信息:********
2019-04-01 18:37:56,735-INFO-接口日志.py-lemon14-日志信息:正在执行充值模块第6条用例：密码为汉字
2019-04-01 18:37:56,745-INFO-接口日志.py-lemon14-日志信息:请求的数据是：{"status":0,"code":"20118","data":null,"msg":"请输入数字"}
2019-04-01 18:37:56,785-INFO-接口日志.py-lemon14-日志信息:******开始写入数据******
2019-04-01 19:20:29,407-INFO-接口日志.py-lemon14-日志信息:********
2019-04-01 19:20:29,433-INFO-接口日志.py-lemon14-日志信息:正在执行登录模块第1条用例：用户名正确，密码正确
2019-04-01 19:20:29,434-INFO-接口日志.py-lemon14-日志信息:请求的数据是：{"status":1,"code":"10001","data":null,"msg":"登录成功"}
2019-04-01 19:20:29,539-INFO-接口日志.py-lemon14-日志信息:******开始写入数据******
2019-04-01 19:20:29,708-INFO-接口日志.py-lemon14-日志信息:********
2019-04-01 19:20:29,709-INFO-接口日志.py-lemon14-日志信息:正在执行充值模块第2条用例：手机号正确充值金额正确
2019-04-01 19:20:29,710-INFO-接口日志.py-lemon14-日志信息:请求的数据是：{"status":1,"code":"10001","data":{"id":1123264,"regname":"chengguo","pwd":"E10ADC3949BA59ABBE56E057F20F883E","mobilephone":"18510267039","leaveamount":"21069120.00","type":"1","regtime":"2019-03-09 18:22:05.0"},"msg":"充值成功"}
2019-04-01 19:20:29,848-INFO-接口日志.py-lemon14-日志信息:http请求测试用例出错了，错误是：
2019-04-01 19:20:29,849-INFO-接口日志.py-lemon14-日志信息:******开始写入数据******
2019-04-01 19:20:30,438-INFO-接口日志.py-lemon14-日志信息:******结束写入数据******
2019-04-01 19:20:30,442-INFO-接口日志.py-lemon14-日志信息:********
2019-04-01 19:20:30,443-INFO-接口日志.py-lemon14-日志信息:正在执行充值模块第3条用例：手机号不存在
2019-04-01 19:20:30,444-INFO-接口日志.py-lemon14-日志信息:请求的数据是：{"status":0,"code":"20111","data":null,"msg":"用户名或密码错误"}
2019-04-01 19:20:30,467-INFO-接口日志.py-lemon14-日志信息:******开始写入数据******
2019-04-01 19:20:31,026-INFO-接口日志.py-lemon14-日志信息:******结束写入数据******
2019-04-01 19:20:31,030-INFO-接口日志.py-lemon14-日志信息:********
2019-04-01 19:20:31,031-INFO-接口日志.py-lemon14-日志信息:正在执行充值模块第4条用例：充值金额大于50万
2019-04-01 19:20:31,032-INFO-接口日志.py-lemon14-日志信息:请求的数据是：{"status":0,"code":"20103","data":null,"msg":"手机号不能为空"}
2019-04-01 19:20:31,057-INFO-接口日志.py-lemon14-日志信息:******开始写入数据******
2019-04-01 19:20:31,644-INFO-接口日志.py-lemon14-日志信息:******结束写入数据******
2019-04-01 19:20:31,648-INFO-接口日志.py-lemon14-日志信息:********
2019-04-01 19:20:31,649-INFO-接口日志.py-lemon14-日志信息:正在执行充值模块第5条用例：充值金额为负数
2019-04-01 19:20:31,650-INFO-接口日志.py-lemon14-日志信息:请求的数据是：{"status":0,"code":"20103","data":null,"msg":"密码不能为空"}
2019-04-01 19:20:31,702-INFO-接口日志.py-lemon14-日志信息:******开始写入数据******
2019-04-01 19:20:32,266-INFO-接口日志.py-lemon14-日志信息:******结束写入数据******
2019-04-01 19:20:32,270-INFO-接口日志.py-lemon14-日志信息:********
2019-04-01 19:20:32,271-INFO-接口日志.py-lemon14-日志信息:正在执行充值模块第6条用例：密码为汉字
2019-04-01 19:20:32,272-INFO-接口日志.py-lemon14-日志信息:请求的数据是：{"status":0,"code":"20118","data":null,"msg":"请输入数字"}
2019-04-01 19:20:32,320-INFO-接口日志.py-lemon14-日志信息:******开始写入数据******
2019-04-01 19:20:32,883-INFO-接口日志.py-lemon14-日志信息:******结束写入数据******
2019-04-01 19:26:53,207-INFO-接口日志.py-lemon14-日志信息:********
2019-04-01 19:26:53,208-INFO-接口日志.py-lemon14-日志信息:正在执行登录模块第1条用例：用户名正确，密码正确
2019-04-01 19:26:53,209-INFO-接口日志.py-lemon14-日志信息:请求的数据是：{"status":1,"code":"10001","data":null,"msg":"登录成功"}
2019-04-01 19:26:53,256-INFO-接口日志.py-lemon14-日志信息:******开始写入数据******
2019-04-01 19:26:53,346-INFO-接口日志.py-lemon14-日志信息:********
2019-04-01 19:26:53,347-INFO-接口日志.py-lemon14-日志信息:正在执行充值模块第2条用例：手机号正确充值金额正确
2019-04-01 19:26:53,347-INFO-接口日志.py-lemon14-日志信息:请求的数据是：{"status":1,"code":"10001","data":{"id":1123264,"regname":"chengguo","pwd":"E10ADC3949BA59ABBE56E057F20F883E","mobilephone":"18510267039","leaveamount":"21069120.00","type":"1","regtime":"2019-03-09 18:22:05.0"},"msg":"充值成功"}
2019-04-01 19:26:53,463-INFO-接口日志.py-lemon14-日志信息:http请求测试用例出错了，错误是：
2019-04-01 19:26:53,464-INFO-接口日志.py-lemon14-日志信息:******开始写入数据******
2019-04-01 19:26:54,090-INFO-接口日志.py-lemon14-日志信息:******结束写入数据******
2019-04-01 19:26:54,097-INFO-接口日志.py-lemon14-日志信息:********
2019-04-01 19:26:54,102-INFO-接口日志.py-lemon14-日志信息:正在执行充值模块第3条用例：手机号不存在
2019-04-01 19:26:54,103-INFO-接口日志.py-lemon14-日志信息:请求的数据是：{"status":0,"code":"20111","data":null,"msg":"用户名或密码错误"}
2019-04-01 19:26:54,125-INFO-接口日志.py-lemon14-日志信息:******开始写入数据******
2019-04-01 19:26:54,735-INFO-接口日志.py-lemon14-日志信息:******结束写入数据******
2019-04-01 19:26:54,739-INFO-接口日志.py-lemon14-日志信息:********
2019-04-01 19:26:54,741-INFO-接口日志.py-lemon14-日志信息:正在执行充值模块第4条用例：充值金额大于50万
2019-04-01 19:26:54,742-INFO-接口日志.py-lemon14-日志信息:请求的数据是：{"status":0,"code":"20103","data":null,"msg":"手机号不能为空"}
2019-04-01 19:26:54,763-INFO-接口日志.py-lemon14-日志信息:******开始写入数据******
2019-04-01 19:26:55,349-INFO-接口日志.py-lemon14-日志信息:******结束写入数据******
2019-04-01 19:26:55,353-INFO-接口日志.py-lemon14-日志信息:********
2019-04-01 19:26:55,354-INFO-接口日志.py-lemon14-日志信息:正在执行充值模块第5条用例：充值金额为负数
2019-04-01 19:26:55,355-INFO-接口日志.py-lemon14-日志信息:请求的数据是：{"status":0,"code":"20103","data":null,"msg":"密码不能为空"}
2019-04-01 19:26:55,385-INFO-接口日志.py-lemon14-日志信息:******开始写入数据******
2019-04-01 19:26:56,129-INFO-接口日志.py-lemon14-日志信息:******结束写入数据******
2019-04-01 19:26:56,132-INFO-接口日志.py-lemon14-日志信息:********
2019-04-01 19:26:56,133-INFO-接口日志.py-lemon14-日志信息:正在执行充值模块第6条用例：密码为汉字
2019-04-01 19:26:56,134-INFO-接口日志.py-lemon14-日志信息:请求的数据是：{"status":0,"code":"20118","data":null,"msg":"请输入数字"}
2019-04-01 19:26:56,159-INFO-接口日志.py-lemon14-日志信息:******开始写入数据******
2019-04-01 19:26:56,738-INFO-接口日志.py-lemon14-日志信息:******结束写入数据******
2019-04-01 21:48:06,109-INFO-接口日志.py-lemon14-日志信息:********
2019-04-01 21:48:06,110-INFO-接口日志.py-lemon14-日志信息:正在执行登录模块第1条用例：用户名正确，密码正确
2019-04-01 21:48:06,111-INFO-接口日志.py-lemon14-日志信息:请求的数据是：{"status":1,"code":"10001","data":null,"msg":"登录成功"}
2019-04-01 21:48:06,152-INFO-接口日志.py-lemon14-日志信息:******开始写入数据******
2019-04-01 21:48:06,225-INFO-接口日志.py-lemon14-日志信息:********
2019-04-01 21:48:06,227-INFO-接口日志.py-lemon14-日志信息:正在执行充值模块第2条用例：手机号正确充值金额正确
2019-04-01 21:48:06,229-INFO-接口日志.py-lemon14-日志信息:请求的数据是：{"status":1,"code":"10001","data":{"id":1123264,"regname":"chengguo","pwd":"E10ADC3949BA59ABBE56E057F20F883E","mobilephone":"18510267039","leaveamount":"21069120.00","type":"1","regtime":"2019-03-09 18:22:05.0"},"msg":"充值成功"}
2019-04-01 21:48:06,379-INFO-接口日志.py-lemon14-日志信息:http请求测试用例出错了，错误是：
2019-04-01 21:48:06,380-INFO-接口日志.py-lemon14-日志信息:******开始写入数据******
2019-04-01 21:48:06,935-INFO-接口日志.py-lemon14-日志信息:******结束写入数据******
2019-04-01 21:48:06,940-INFO-接口日志.py-lemon14-日志信息:********
2019-04-01 21:48:06,941-INFO-接口日志.py-lemon14-日志信息:正在执行充值模块第3条用例：手机号不存在
2019-04-01 21:48:06,941-INFO-接口日志.py-lemon14-日志信息:请求的数据是：{"status":0,"code":"20111","data":null,"msg":"用户名或密码错误"}
2019-04-01 21:48:06,969-INFO-接口日志.py-lemon14-日志信息:******开始写入数据******
2019-04-01 21:48:07,533-INFO-接口日志.py-lemon14-日志信息:******结束写入数据******
2019-04-01 21:48:07,537-INFO-接口日志.py-lemon14-日志信息:********
2019-04-01 21:48:07,538-INFO-接口日志.py-lemon14-日志信息:正在执行充值模块第4条用例：充值金额大于50万
2019-04-01 21:48:07,538-INFO-接口日志.py-lemon14-日志信息:请求的数据是：{"status":0,"code":"20103","data":null,"msg":"手机号不能为空"}
2019-04-01 21:48:07,565-INFO-接口日志.py-lemon14-日志信息:******开始写入数据******
2019-04-01 21:48:08,155-INFO-接口日志.py-lemon14-日志信息:******结束写入数据******
2019-04-01 21:48:08,158-INFO-接口日志.py-lemon14-日志信息:********
2019-04-01 21:48:08,159-INFO-接口日志.py-lemon14-日志信息:正在执行充值模块第5条用例：充值金额为负数
2019-04-01 21:48:08,160-INFO-接口日志.py-lemon14-日志信息:请求的数据是：{"status":0,"code":"20103","data":null,"msg":"密码不能为空"}
2019-04-01 21:48:08,187-INFO-接口日志.py-lemon14-日志信息:******开始写入数据******
2019-04-01 21:48:08,778-INFO-接口日志.py-lemon14-日志信息:******结束写入数据******
2019-04-01 21:48:08,781-INFO-接口日志.py-lemon14-日志信息:********
2019-04-01 21:48:08,782-INFO-接口日志.py-lemon14-日志信息:正在执行充值模块第6条用例：密码为汉字
2019-04-01 21:48:08,783-INFO-接口日志.py-lemon14-日志信息:请求的数据是：{"status":0,"code":"20118","data":null,"msg":"请输入数字"}
2019-04-01 21:48:08,820-INFO-接口日志.py-lemon14-日志信息:******开始写入数据******
